<?xml version="1.0" encoding="UTF-8"?>
<testsuite name="projet.AppTest" tests="1" skipped="0" failures="0" errors="0" timestamp="2024-06-07T14:40:05" hostname="pop-os" time="0.013">
  <properties/>
  <testcase name="appHasAGreeting()" classname="projet.AppTest" time="0.013"/>
  <system-out><![CDATA[]]></system-out>
  <system-err><![CDATA[]]></system-err>
</testsuite>
